<?xml version="1.0" encoding="UTF-8"?>
<!-- Generated by org.testng.reporters.JUnitXMLReporter -->
<testsuite hostname="DESKTOP-S8EMU8D" name="Default test(failed)" tests="7" failures="1" timestamp="28 Nov 2020 10:27:28 GMT" time="27.637" errors="0">
  <testcase name="Login" time="6.322" classname="Automation.Flipkart.HomePage"/>
  <testcase name="searchProduct" time="0.619" classname="Automation.Flipkart.HomePage"/>
  <testcase name="searchNoOfProducts" time="2.126" classname="Automation.Flipkart.HomePage"/>
  <testcase name="setPincode" time="2.394" classname="Automation.Flipkart.HomePage">
    <failure type="org.openqa.selenium.NoSuchWindowException" message="no such window
  (Session info: chrome=87.0.4280.66)
Build info: version: &amp;apos;3.141.59&amp;apos;, revision: &amp;apos;e82be7d358&amp;apos;, time: &amp;apos;2018-11-14T08:25:48&amp;apos;
System info: host: &amp;apos;DESKTOP-S8EMU8D&amp;apos;, ip: &amp;apos;192.168.1.9&amp;apos;, os.name: &amp;apos;Windows 10&amp;apos;, os.arch: &amp;apos;amd64&amp;apos;, os.version: &amp;apos;10.0&amp;apos;, java.version: &amp;apos;1.8.0_261&amp;apos;
Driver info: org.openqa.selenium.chrome.ChromeDriver
Capabilities {acceptInsecureCerts: false, browserName: chrome, browserVersion: 87.0.4280.66, chrome: {chromedriverVersion: 87.0.4280.20 (c99e81631faa0..., userDataDir: C:\Users\hp\AppData\Local\T...}, goog:chromeOptions: {debuggerAddress: localhost:50900}, javascriptEnabled: true, networkConnectionEnabled: false, pageLoadStrategy: normal, platform: WINDOWS, platformName: WINDOWS, proxy: Proxy(), setWindowRect: true, strictFileInteractability: false, timeouts: {implicit: 0, pageLoad: 300000, script: 30000}, unhandledPromptBehavior: dismiss and notify, webauthn:virtualAuthenticators: true}
Session ID: 420a9124d5859994b05202a9fbb1db54">
      <![CDATA[org.openqa.selenium.NoSuchWindowException: no such window
  (Session info: chrome=87.0.4280.66)
Build info: version: '3.141.59', revision: 'e82be7d358', time: '2018-11-14T08:25:48'
System info: host: 'DESKTOP-S8EMU8D', ip: '192.168.1.9', os.name: 'Windows 10', os.arch: 'amd64', os.version: '10.0', java.version: '1.8.0_261'
Driver info: org.openqa.selenium.chrome.ChromeDriver
Capabilities {acceptInsecureCerts: false, browserName: chrome, browserVersion: 87.0.4280.66, chrome: {chromedriverVersion: 87.0.4280.20 (c99e81631faa0..., userDataDir: C:\Users\hp\AppData\Local\T...}, goog:chromeOptions: {debuggerAddress: localhost:50900}, javascriptEnabled: true, networkConnectionEnabled: false, pageLoadStrategy: normal, platform: WINDOWS, platformName: WINDOWS, proxy: Proxy(), setWindowRect: true, strictFileInteractability: false, timeouts: {implicit: 0, pageLoad: 300000, script: 30000}, unhandledPromptBehavior: dismiss and notify, webauthn:virtualAuthenticators: true}
Session ID: 420a9124d5859994b05202a9fbb1db54
	at org.openqa.selenium.remote.http.W3CHttpResponseCodec.createException(W3CHttpResponseCodec.java:187)
	at org.openqa.selenium.remote.http.W3CHttpResponseCodec.decode(W3CHttpResponseCodec.java:122)
	at org.openqa.selenium.remote.http.W3CHttpResponseCodec.decode(W3CHttpResponseCodec.java:49)
	at org.openqa.selenium.remote.HttpCommandExecutor.execute(HttpCommandExecutor.java:158)
	at org.openqa.selenium.remote.service.DriverCommandExecutor.execute(DriverCommandExecutor.java:83)
	at org.openqa.selenium.remote.RemoteWebDriver.execute(RemoteWebDriver.java:552)
	at org.openqa.selenium.remote.RemoteWebDriver$RemoteTargetLocator.window(RemoteWebDriver.java:903)
	at Automation.Flipkart.HomePage.setPincode(HomePage.java:65)
... Removed 28 stack frames]]>
    </failure>
  </testcase> <!-- setPincode -->
  <testcase name="clickOnBuy" time="0.001" classname="Automation.Flipkart.HomePage">
    <skipped/>
  </testcase> <!-- clickOnBuy -->
  <testcase name="setAddress" time="0.0" classname="Automation.Flipkart.HomePage">
    <skipped/>
  </testcase> <!-- setAddress -->
  <testcase name="checkingProductDetails" time="0.0" classname="Automation.Flipkart.HomePage">
    <skipped/>
  </testcase> <!-- checkingProductDetails -->
</testsuite> <!-- Default test(failed) -->
